<?xml version="1.0" encoding="UTF-8" ?>
<testsuite tests="17" failures="0" name="com.merchant.onboarding.validator.TestMerchantValidator" time="0.004" errors="0" skipped="0">
  <properties>
[...]
</properties>
  <testcase classname="com.merchant.onboarding.validator.TestMerchantValidator" name="TestValidateOrganisationException" time="0"/>
  <testcase classname="com.merchant.onboarding.validator.TestMerchantValidator" name="TestValidateWebsite" time="0"/>
  <testcase classname="com.merchant.onboarding.validator.TestMerchantValidator" name="TestValidateNameAndShortNameException" time="0"/>
  <testcase classname="com.merchant.onboarding.validator.TestMerchantValidator" name="TestValidateOrganisation" time="0"/>
  <testcase classname="com.merchant.onboarding.validator.TestMerchantValidator" name="TestValidateNameAndShortName" time="0"/>
  <testcase classname="com.merchant.onboarding.validator.TestMerchantValidator" name="TestValidateKycDocTypeException" time="0"/>
  <testcase classname="com.merchant.onboarding.validator.TestMerchantValidator" name="TestValidateNameExceptionNamesNotProperFormat" time="0"/>
  <testcase classname="com.merchant.onboarding.validator.TestMerchantValidator" name="TestValidateWebsiteException" time="0"/>
  <testcase classname="com.merchant.onboarding.validator.TestMerchantValidator" name="TestValidateEmailException" time="0.001"/>
  <testcase classname="com.merchant.onboarding.validator.TestMerchantValidator" name="TestValidateNameExceptionNamesNotEqual" time="0"/>
  <testcase classname="com.merchant.onboarding.validator.TestMerchantValidator" name="TestValidateNumber" time="0"/>
  <testcase classname="com.merchant.onboarding.validator.TestMerchantValidator" name="TestValidatePhoneNumber" time="0.001"/>
  <testcase classname="com.merchant.onboarding.validator.TestMerchantValidator" name="TestValidateNumberException" time="0"/>
  <testcase classname="com.merchant.onboarding.validator.TestMerchantValidator" name="TestValidateEmail" time="0"/>
  <testcase classname="com.merchant.onboarding.validator.TestMerchantValidator" name="TestValidateName" time="0"/>
  <testcase classname="com.merchant.onboarding.validator.TestMerchantValidator" name="TestValidatePhoneNumberException" time="0.001"/>
  <testcase classname="com.merchant.onboarding.validator.TestMerchantValidator" name="TestValidateKycDocType" time="0.001"/>
</testsuite>